<?xml version="1.0" encoding="UTF-8"?>
<testng-results skipped="0" failed="0" total="1" passed="1">
  <reporter-output>
  </reporter-output>
  <suite name="Default suite" duration-ms="24" started-at="2017-05-24T18:41:27Z" finished-at="2017-05-24T18:41:27Z">
    <groups>
    </groups>
    <test name="Default test" duration-ms="24" started-at="2017-05-24T18:41:27Z" finished-at="2017-05-24T18:41:27Z">
      <class name="Main.Main">
        <test-method status="PASS" signature="firstTest()[pri:0, instance:Main.Main@12843fce]" name="firstTest" duration-ms="10" started-at="2017-05-24T21:41:27Z" finished-at="2017-05-24T21:41:27Z">
          <reporter-output>
          </reporter-output>
        </test-method> <!-- firstTest -->
      </class> <!-- Main.Main -->
    </test> <!-- Default test -->
  </suite> <!-- Default suite -->
</testng-results>
